<?xml version="1.0" encoding="UTF-8"?>
<testsuite name="Add Customer Test"
           tests="4"
           failures="0"
           errors="0"
           skipped="1"
           time="14.176">
  <properties />
  
            <testcase name="addCustomerTest" time="0.0" classname="com.j2a.testcases.AddCustomerTest">
          <skipped />
    </testcase>
  
            <testcase name="addCustomerTest" time="4.969" classname="com.j2a.testcases.AddCustomerTest" />
                <testcase name="addCustomerTest" time="4.658" classname="com.j2a.testcases.AddCustomerTest" />
                <testcase name="addCustomerTest" time="4.547" classname="com.j2a.testcases.AddCustomerTest" />
      
</testsuite>
