<?xml version="1.0" encoding="UTF-8"?>
<testng-results ignored="0" total="6" passed="5" failed="0" skipped="1">
  <reporter-output>
    <line>
      <![CDATA[<br>Verification Failure : expected [abc] but found [xyz]<br>]]>
    </line>
    <line>
      <![CDATA[<a target="_blank" href=Sat_May_18_22_24_30_EDT_2019.jpg><img src=Sat_May_18_22_24_30_EDT_2019.jpg height=200 width=200></img></a>]]>
    </line>
    <line>
      <![CDATA[<br>]]>
    </line>
    <line>
      <![CDATA[<br>]]>
    </line>
  </reporter-output>
  <suite started-at="2019-05-19T02:24:29Z" name="Data Driven Basics" finished-at="2019-05-19T02:24:52Z" duration-ms="23097">
    <groups>
    </groups>
    <test started-at="2019-05-19T02:24:29Z" name="Bank Manager Login Test" finished-at="2019-05-19T02:24:34Z" duration-ms="4765">
      <class name="com.j2a.testcases.BankManagerLoginTest">
        <test-method signature="bankManagerLoginTest()[pri:0, instance:com.j2a.testcases.BankManagerLoginTest@3e2822]" started-at="2019-05-18T22:24:29Z" name="bankManagerLoginTest" finished-at="2019-05-18T22:24:33Z" duration-ms="4342" status="PASS">
          <reporter-output>
            <line>
              <![CDATA[<br>Verification Failure : expected [abc] but found [xyz]<br>]]>
            </line>
            <line>
              <![CDATA[<a target="_blank" href=Sat_May_18_22_24_30_EDT_2019.jpg><img src=Sat_May_18_22_24_30_EDT_2019.jpg height=200 width=200></img></a>]]>
            </line>
            <line>
              <![CDATA[<br>]]>
            </line>
            <line>
              <![CDATA[<br>]]>
            </line>
          </reporter-output>
        </test-method> <!-- bankManagerLoginTest -->
      </class> <!-- com.j2a.testcases.BankManagerLoginTest -->
    </test> <!-- Bank Manager Login Test -->
    <test started-at="2019-05-19T02:24:34Z" name="Add Customer Test" finished-at="2019-05-19T02:24:48Z" duration-ms="14566">
      <class name="com.j2a.testcases.AddCustomerTest">
        <test-method signature="addCustomerTest(java.util.Hashtable)[pri:0, instance:com.j2a.testcases.AddCustomerTest@4fcee388]" started-at="2019-05-18T22:24:34Z" name="addCustomerTest" data-provider="dp" finished-at="2019-05-18T22:24:39Z" duration-ms="4969" status="PASS">
          <params>
            <param index="0">
              <value>
                <![CDATA[{alerttext=Customer added successfully, postcode=jl8wq9, lastname=Traxex, runmode=Y, firstname=Dickie}]]>
              </value>
            </param>
          </params>
          <reporter-output>
          </reporter-output>
        </test-method> <!-- addCustomerTest -->
        <test-method signature="addCustomerTest(java.util.Hashtable)[pri:0, instance:com.j2a.testcases.AddCustomerTest@4fcee388]" started-at="2019-05-18T22:24:39Z" name="addCustomerTest" data-provider="dp" finished-at="2019-05-18T22:24:39Z" duration-ms="2" status="SKIP">
          <params>
            <param index="0">
              <value>
                <![CDATA[{alerttext=Customer added successfully, postcode=adf34, lastname=dhsfkahf, runmode=N, firstname=jdldfl}]]>
              </value>
            </param>
          </params>
          <exception class="org.testng.SkipException">
            <message>
              <![CDATA[Skipping the test as the Run mode for data set is NO ]]>
            </message>
            <full-stacktrace>
              <![CDATA[org.testng.SkipException: Skipping the test as the Run mode for data set is NO 
	at com.j2a.testcases.AddCustomerTest.addCustomerTest(AddCustomerTest.java:27)
	at java.base/jdk.internal.reflect.NativeMethodAccessorImpl.invoke0(Native Method)
	at java.base/jdk.internal.reflect.NativeMethodAccessorImpl.invoke(NativeMethodAccessorImpl.java:62)
	at java.base/jdk.internal.reflect.DelegatingMethodAccessorImpl.invoke(DelegatingMethodAccessorImpl.java:43)
	at java.base/java.lang.reflect.Method.invoke(Method.java:566)
	at org.testng.internal.MethodInvocationHelper.invokeMethod(MethodInvocationHelper.java:108)
	at org.testng.internal.Invoker.invokeMethod(Invoker.java:661)
	at org.testng.internal.Invoker.invokeTestMethod(Invoker.java:869)
	at org.testng.internal.Invoker.invokeTestMethods(Invoker.java:1193)
	at org.testng.internal.TestMethodWorker.invokeTestMethods(TestMethodWorker.java:126)
	at org.testng.internal.TestMethodWorker.run(TestMethodWorker.java:109)
	at org.testng.TestRunner.privateRun(TestRunner.java:744)
	at org.testng.TestRunner.run(TestRunner.java:602)
	at org.testng.SuiteRunner.runTest(SuiteRunner.java:380)
	at org.testng.SuiteRunner.runSequentially(SuiteRunner.java:375)
	at org.testng.SuiteRunner.privateRun(SuiteRunner.java:340)
	at org.testng.SuiteRunner.run(SuiteRunner.java:289)
	at org.testng.SuiteRunnerWorker.runSuite(SuiteRunnerWorker.java:52)
	at org.testng.SuiteRunnerWorker.run(SuiteRunnerWorker.java:86)
	at org.testng.TestNG.runSuitesSequentially(TestNG.java:1301)
	at org.testng.TestNG.runSuitesLocally(TestNG.java:1226)
	at org.testng.TestNG.runSuites(TestNG.java:1144)
	at org.testng.TestNG.run(TestNG.java:1115)
	at org.testng.remote.AbstractRemoteTestNG.run(AbstractRemoteTestNG.java:115)
	at org.testng.remote.RemoteTestNG.initAndRun(RemoteTestNG.java:251)
	at org.testng.remote.RemoteTestNG.main(RemoteTestNG.java:77)
]]>
            </full-stacktrace>
          </exception> <!-- org.testng.SkipException -->
          <reporter-output>
          </reporter-output>
        </test-method> <!-- addCustomerTest -->
        <test-method signature="addCustomerTest(java.util.Hashtable)[pri:0, instance:com.j2a.testcases.AddCustomerTest@4fcee388]" started-at="2019-05-18T22:24:39Z" name="addCustomerTest" data-provider="dp" finished-at="2019-05-18T22:24:44Z" duration-ms="4658" status="PASS">
          <params>
            <param index="0">
              <value>
                <![CDATA[{alerttext=Customer added successfully, postcode=ad356, lastname=sfsdf, runmode=Y, firstname=adf}]]>
              </value>
            </param>
          </params>
          <reporter-output>
          </reporter-output>
        </test-method> <!-- addCustomerTest -->
        <test-method signature="addCustomerTest(java.util.Hashtable)[pri:0, instance:com.j2a.testcases.AddCustomerTest@4fcee388]" started-at="2019-05-18T22:24:44Z" name="addCustomerTest" data-provider="dp" finished-at="2019-05-18T22:24:48Z" duration-ms="4547" status="PASS">
          <params>
            <param index="0">
              <value>
                <![CDATA[{alerttext=Customer added successfully, postcode=3adsf35, lastname=dfsf, runmode=Y, firstname=adasdf}]]>
              </value>
            </param>
          </params>
          <reporter-output>
          </reporter-output>
        </test-method> <!-- addCustomerTest -->
      </class> <!-- com.j2a.testcases.AddCustomerTest -->
    </test> <!-- Add Customer Test -->
    <test started-at="2019-05-19T02:24:48Z" name="Open Account Test" finished-at="2019-05-19T02:24:52Z" duration-ms="3725">
      <class name="com.j2a.testcases.OpenAccountTest">
        <test-method is-config="true" signature="setUp()[pri:0, instance:com.j2a.testcases.OpenAccountTest@303e3593]" started-at="2019-05-18T22:24:23Z" name="setUp" finished-at="2019-05-18T22:24:29Z" duration-ms="6157" status="PASS">
          <reporter-output>
          </reporter-output>
        </test-method> <!-- setUp -->
        <test-method signature="openAccountTest(java.util.Hashtable)[pri:0, instance:com.j2a.testcases.OpenAccountTest@303e3593]" started-at="2019-05-18T22:24:48Z" name="openAccountTest" data-provider="dp" finished-at="2019-05-18T22:24:52Z" duration-ms="3634" status="PASS">
          <params>
            <param index="0">
              <value>
                <![CDATA[{currency=Rupee, customer=Dickie Traxex}]]>
              </value>
            </param>
          </params>
          <reporter-output>
          </reporter-output>
        </test-method> <!-- openAccountTest -->
        <test-method is-config="true" signature="tearDown()[pri:0, instance:com.j2a.testcases.OpenAccountTest@303e3593]" started-at="2019-05-18T22:24:52Z" name="tearDown" finished-at="2019-05-18T22:24:53Z" duration-ms="1087" status="PASS">
          <reporter-output>
          </reporter-output>
        </test-method> <!-- tearDown -->
      </class> <!-- com.j2a.testcases.OpenAccountTest -->
    </test> <!-- Open Account Test -->
  </suite> <!-- Data Driven Basics -->
</testng-results>
